<?xml version="1.0" encoding="UTF-8"?>
<coverage generated="1606724065466" clover="3.2.0">
  <project timestamp="1606724065466" name="All files">
    <metrics statements="6" coveredstatements="3" conditionals="0" coveredconditionals="0" methods="6" coveredmethods="3" elements="12" coveredelements="6" complexity="0" loc="6" ncloc="6" packages="1" files="1" classes="1"/>
    <file name="agecalc.js" path="/Users/nickhennessy/Desktop/age-calculator/src/agecalc.js">
      <metrics statements="6" coveredstatements="3" conditionals="0" coveredconditionals="0" methods="6" coveredmethods="3"/>
      <line num="3" count="2" type="stmt"/>
      <line num="7" count="1" type="stmt"/>
      <line num="10" count="1" type="stmt"/>
      <line num="13" count="0" type="stmt"/>
      <line num="16" count="0" type="stmt"/>
      <line num="19" count="0" type="stmt"/>
    </file>
  </project>
</coverage>
