{"/Users/nickhennessy/Desktop/age-calculator/src/agecalc.js": {"path":"/Users/nickhennessy/Desktop/age-calculator/src/agecalc.js","statementMap":{"0":{"start":{"line":3,"column":4},"end":{"line":3,"column":31}},"1":{"start":{"line":7,"column":4},"end":{"line":7,"column":44}},"2":{"start":{"line":10,"column":4},"end":{"line":10,"column":44}},"3":{"start":{"line":13,"column":4},"end":{"line":13,"column":45}},"4":{"start":{"line":16,"column":4},"end":{"line":16,"column":46}},"5":{"start":{"line":19,"column":4},"end":{"line":19,"column":46}}},"fnMap":{"0":{"name":"(anonymous_0)","decl":{"start":{"line":2,"column":2},"end":{"line":2,"column":3}},"loc":{"start":{"line":2,"column":25},"end":{"line":4,"column":3}},"line":2},"1":{"name":"(anonymous_1)","decl":{"start":{"line":6,"column":2},"end":{"line":6,"column":3}},"loc":{"start":{"line":6,"column":15},"end":{"line":8,"column":3}},"line":6},"2":{"name":"(anonymous_2)","decl":{"start":{"line":9,"column":2},"end":{"line":9,"column":3}},"loc":{"start":{"line":9,"column":13},"end":{"line":11,"column":3}},"line":9},"3":{"name":"(anonymous_3)","decl":{"start":{"line":12,"column":2},"end":{"line":12,"column":3}},"loc":{"start":{"line":12,"column":12},"end":{"line":14,"column":3}},"line":12},"4":{"name":"(anonymous_4)","decl":{"start":{"line":15,"column":2},"end":{"line":15,"column":3}},"loc":{"start":{"line":15,"column":15},"end":{"line":17,"column":3}},"line":15},"5":{"name":"(anonymous_5)","decl":{"start":{"line":18,"column":2},"end":{"line":18,"column":3}},"loc":{"start":{"line":18,"column":14},"end":{"line":20,"column":3}},"line":18}},"branchMap":{},"s":{"0":1,"1":0,"2":0,"3":0,"4":0,"5":0},"f":{"0":1,"1":0,"2":0,"3":0,"4":0,"5":0},"b":{},"_coverageSchema":"43e27e138ebf9cfc5966b082cf9a028302ed4184","hash":"6f866e932908279997bddd37f6a5be8f9cbe3708"}
}
